  application.cpp
  main.cpp
  wind_model.cpp
C:\Users\GGPC\source\repos\CGRA350_project\CGRA350T12019_Framework\work\ext\glm\detail\type_vec4.hpp(45,28): warning C4201: nonstandard extension used: nameless struct/union (compiling source file C:\Users\GGPC\source\repos\CGRA350_project\CGRA350T12019_Framework\work\src\wind_model.cpp)
C:\Users\GGPC\source\repos\CGRA350_project\CGRA350T12019_Framework\work\ext\glm\detail\type_vec4.hpp(271): message : see reference to class template instantiation 'glm::vec<4,T,P>' being compiled (compiling source file C:\Users\GGPC\source\repos\CGRA350_project\CGRA350T12019_Framework\work\src\wind_model.cpp)
C:\Users\GGPC\source\repos\CGRA350_project\CGRA350T12019_Framework\work\ext\glm\detail\type_vec4.hpp(46,29): warning C4201: nonstandard extension used: nameless struct/union (compiling source file C:\Users\GGPC\source\repos\CGRA350_project\CGRA350T12019_Framework\work\src\wind_model.cpp)
C:\Users\GGPC\source\repos\CGRA350_project\CGRA350T12019_Framework\work\ext\glm\detail\type_vec4.hpp(47,29): warning C4201: nonstandard extension used: nameless struct/union (compiling source file C:\Users\GGPC\source\repos\CGRA350_project\CGRA350T12019_Framework\work\src\wind_model.cpp)
C:\Users\GGPC\source\repos\CGRA350_project\CGRA350T12019_Framework\work\ext\glm\detail/type_vec2.hpp(45,22): warning C4201: nonstandard extension used: nameless struct/union (compiling source file C:\Users\GGPC\source\repos\CGRA350_project\CGRA350T12019_Framework\work\src\wind_model.cpp)
C:\Users\GGPC\source\repos\CGRA350_project\CGRA350T12019_Framework\work\ext\glm\detail/type_vec2.hpp(205): message : see reference to class template instantiation 'glm::vec<2,T,P>' being compiled (compiling source file C:\Users\GGPC\source\repos\CGRA350_project\CGRA350T12019_Framework\work\src\wind_model.cpp)
C:\Users\GGPC\source\repos\CGRA350_project\CGRA350T12019_Framework\work\ext\glm\detail/type_vec2.hpp(46,22): warning C4201: nonstandard extension used: nameless struct/union (compiling source file C:\Users\GGPC\source\repos\CGRA350_project\CGRA350T12019_Framework\work\src\wind_model.cpp)
C:\Users\GGPC\source\repos\CGRA350_project\CGRA350T12019_Framework\work\ext\glm\detail/type_vec2.hpp(47,22): warning C4201: nonstandard extension used: nameless struct/union (compiling source file C:\Users\GGPC\source\repos\CGRA350_project\CGRA350T12019_Framework\work\src\wind_model.cpp)
C:\Users\GGPC\source\repos\CGRA350_project\CGRA350T12019_Framework\work\ext\glm\detail/type_vec2.hpp(45,22): warning C4201: nonstandard extension used: nameless struct/union (compiling source file C:\Users\GGPC\source\repos\CGRA350_project\CGRA350T12019_Framework\work\src\main.cpp)
C:\Users\GGPC\source\repos\CGRA350_project\CGRA350T12019_Framework\work\ext\glm\detail/type_vec2.hpp(205): message : see reference to class template instantiation 'glm::vec<2,T,P>' being compiled (compiling source file C:\Users\GGPC\source\repos\CGRA350_project\CGRA350T12019_Framework\work\src\main.cpp)
C:\Users\GGPC\source\repos\CGRA350_project\CGRA350T12019_Framework\work\ext\glm\detail/type_vec2.hpp(46,22): warning C4201: nonstandard extension used: nameless struct/union (compiling source file C:\Users\GGPC\source\repos\CGRA350_project\CGRA350T12019_Framework\work\src\main.cpp)
C:\Users\GGPC\source\repos\CGRA350_project\CGRA350T12019_Framework\work\ext\glm\detail/type_vec2.hpp(47,22): warning C4201: nonstandard extension used: nameless struct/union (compiling source file C:\Users\GGPC\source\repos\CGRA350_project\CGRA350T12019_Framework\work\src\main.cpp)
C:\Users\GGPC\source\repos\CGRA350_project\CGRA350T12019_Framework\work\ext\glm\detail/type_vec3.hpp(45,25): warning C4201: nonstandard extension used: nameless struct/union (compiling source file C:\Users\GGPC\source\repos\CGRA350_project\CGRA350T12019_Framework\work\src\wind_model.cpp)
C:\Users\GGPC\source\repos\CGRA350_project\CGRA350T12019_Framework\work\ext\glm\detail/type_vec3.hpp(226): message : see reference to class template instantiation 'glm::vec<3,T,P>' being compiled (compiling source file C:\Users\GGPC\source\repos\CGRA350_project\CGRA350T12019_Framework\work\src\wind_model.cpp)
C:\Users\GGPC\source\repos\CGRA350_project\CGRA350T12019_Framework\work\ext\glm\detail/type_vec3.hpp(46,25): warning C4201: nonstandard extension used: nameless struct/union (compiling source file C:\Users\GGPC\source\repos\CGRA350_project\CGRA350T12019_Framework\work\src\wind_model.cpp)
C:\Users\GGPC\source\repos\CGRA350_project\CGRA350T12019_Framework\work\ext\glm\detail/type_vec3.hpp(47,25): warning C4201: nonstandard extension used: nameless struct/union (compiling source file C:\Users\GGPC\source\repos\CGRA350_project\CGRA350T12019_Framework\work\src\wind_model.cpp)
C:\Users\GGPC\source\repos\CGRA350_project\CGRA350T12019_Framework\work\ext\glm\detail/type_vec3.hpp(45,25): warning C4201: nonstandard extension used: nameless struct/union (compiling source file C:\Users\GGPC\source\repos\CGRA350_project\CGRA350T12019_Framework\work\src\main.cpp)
C:\Users\GGPC\source\repos\CGRA350_project\CGRA350T12019_Framework\work\ext\glm\detail/type_vec3.hpp(226): message : see reference to class template instantiation 'glm::vec<3,T,P>' being compiled (compiling source file C:\Users\GGPC\source\repos\CGRA350_project\CGRA350T12019_Framework\work\src\main.cpp)
C:\Users\GGPC\source\repos\CGRA350_project\CGRA350T12019_Framework\work\ext\glm\detail/type_vec3.hpp(46,25): warning C4201: nonstandard extension used: nameless struct/union (compiling source file C:\Users\GGPC\source\repos\CGRA350_project\CGRA350T12019_Framework\work\src\main.cpp)
C:\Users\GGPC\source\repos\CGRA350_project\CGRA350T12019_Framework\work\ext\glm\detail/type_vec3.hpp(47,25): warning C4201: nonstandard extension used: nameless struct/union (compiling source file C:\Users\GGPC\source\repos\CGRA350_project\CGRA350T12019_Framework\work\src\main.cpp)
C:\Users\GGPC\source\repos\CGRA350_project\CGRA350T12019_Framework\work\ext\glm\detail/type_vec4.hpp(45,28): warning C4201: nonstandard extension used: nameless struct/union (compiling source file C:\Users\GGPC\source\repos\CGRA350_project\CGRA350T12019_Framework\work\src\main.cpp)
C:\Users\GGPC\source\repos\CGRA350_project\CGRA350T12019_Framework\work\ext\glm\detail/type_vec4.hpp(271): message : see reference to class template instantiation 'glm::vec<4,T,P>' being compiled (compiling source file C:\Users\GGPC\source\repos\CGRA350_project\CGRA350T12019_Framework\work\src\main.cpp)
C:\Users\GGPC\source\repos\CGRA350_project\CGRA350T12019_Framework\work\ext\glm\detail/type_vec4.hpp(46,29): warning C4201: nonstandard extension used: nameless struct/union (compiling source file C:\Users\GGPC\source\repos\CGRA350_project\CGRA350T12019_Framework\work\src\main.cpp)
C:\Users\GGPC\source\repos\CGRA350_project\CGRA350T12019_Framework\work\ext\glm\detail/type_vec4.hpp(47,29): warning C4201: nonstandard extension used: nameless struct/union (compiling source file C:\Users\GGPC\source\repos\CGRA350_project\CGRA350T12019_Framework\work\src\main.cpp)
C:\Users\GGPC\source\repos\CGRA350_project\CGRA350T12019_Framework\work\ext\glm\gtc\../gtc/quaternion.hpp(55,28): warning C4201: nonstandard extension used: nameless struct/union (compiling source file C:\Users\GGPC\source\repos\CGRA350_project\CGRA350T12019_Framework\work\src\wind_model.cpp)
C:\Users\GGPC\source\repos\CGRA350_project\CGRA350T12019_Framework\work\ext\glm\gtc\../gtc/quaternion.hpp(130): message : see reference to class template instantiation 'glm::tquat<T,P>' being compiled (compiling source file C:\Users\GGPC\source\repos\CGRA350_project\CGRA350T12019_Framework\work\src\wind_model.cpp)
C:\Users\GGPC\source\repos\CGRA350_project\CGRA350T12019_Framework\work\ext\glm\gtc\../gtc/quaternion.hpp(55,28): warning C4201: nonstandard extension used: nameless struct/union (compiling source file C:\Users\GGPC\source\repos\CGRA350_project\CGRA350T12019_Framework\work\src\main.cpp)
C:\Users\GGPC\source\repos\CGRA350_project\CGRA350T12019_Framework\work\ext\glm\gtc\../gtc/quaternion.hpp(130): message : see reference to class template instantiation 'glm::tquat<T,P>' being compiled (compiling source file C:\Users\GGPC\source\repos\CGRA350_project\CGRA350T12019_Framework\work\src\main.cpp)
C:\Users\GGPC\source\repos\CGRA350_project\CGRA350T12019_Framework\work\src\wind_model.hpp(57,13): warning C4305: 'initializing': truncation from 'double' to 'float' (compiling source file C:\Users\GGPC\source\repos\CGRA350_project\CGRA350T12019_Framework\work\src\wind_model.cpp)
C:\Users\GGPC\source\repos\CGRA350_project\CGRA350T12019_Framework\work\src\wind_model.hpp(58,13): warning C4305: 'initializing': truncation from 'double' to 'float' (compiling source file C:\Users\GGPC\source\repos\CGRA350_project\CGRA350T12019_Framework\work\src\wind_model.cpp)
C:\Users\GGPC\source\repos\CGRA350_project\CGRA350T12019_Framework\work\src\wind_model.hpp(59,15): warning C4305: 'initializing': truncation from 'double' to 'float' (compiling source file C:\Users\GGPC\source\repos\CGRA350_project\CGRA350T12019_Framework\work\src\wind_model.cpp)
C:\Users\GGPC\source\repos\CGRA350_project\CGRA350T12019_Framework\work\src\wind_model.hpp(84,19): warning C4305: 'initializing': truncation from 'double' to 'float' (compiling source file C:\Users\GGPC\source\repos\CGRA350_project\CGRA350T12019_Framework\work\src\wind_model.cpp)
C:\Users\GGPC\source\repos\CGRA350_project\CGRA350T12019_Framework\work\src\wind_model.cpp(174,8): warning C4244: 'initializing': conversion from 'T' to 'int', possible loss of data
          with
          [
              T=float
          ]
C:\Users\GGPC\source\repos\CGRA350_project\CGRA350T12019_Framework\work\src\wind_model.cpp(182,8): warning C4244: 'initializing': conversion from 'T' to 'int', possible loss of data
          with
          [
              T=float
          ]
C:\Users\GGPC\source\repos\CGRA350_project\CGRA350T12019_Framework\work\src\wind_model.cpp(203,15): warning C4244: 'initializing': conversion from 'int' to 'float', possible loss of data
C:\Users\GGPC\source\repos\CGRA350_project\CGRA350T12019_Framework\work\src\wind_model.cpp(237,13): warning C4244: 'initializing': conversion from 'float' to 'int', possible loss of data
C:\Users\GGPC\source\repos\CGRA350_project\CGRA350T12019_Framework\work\src\wind_model.cpp(238,13): warning C4244: 'initializing': conversion from 'float' to 'int', possible loss of data
C:\Users\GGPC\source\repos\CGRA350_project\CGRA350T12019_Framework\work\src\wind_model.cpp(239,13): warning C4244: 'initializing': conversion from 'float' to 'int', possible loss of data
C:\Users\GGPC\source\repos\CGRA350_project\CGRA350T12019_Framework\work\src\wind_model.cpp(240,13): warning C4244: 'initializing': conversion from 'float' to 'int', possible loss of data
C:\Users\GGPC\source\repos\CGRA350_project\CGRA350T12019_Framework\work\src\wind_model.cpp(241,13): warning C4244: 'initializing': conversion from 'float' to 'int', possible loss of data
C:\Users\GGPC\source\repos\CGRA350_project\CGRA350T12019_Framework\work\src\wind_model.cpp(242,13): warning C4244: 'initializing': conversion from 'float' to 'int', possible loss of data
C:\Users\GGPC\source\repos\CGRA350_project\CGRA350T12019_Framework\work\src\wind_model.cpp(300,15): warning C4244: 'initializing': conversion from 'double' to 'float', possible loss of data
C:\Users\GGPC\source\repos\CGRA350_project\CGRA350T12019_Framework\work\src\wind_model.hpp(57,13): warning C4305: 'initializing': truncation from 'double' to 'float' (compiling source file C:\Users\GGPC\source\repos\CGRA350_project\CGRA350T12019_Framework\work\src\main.cpp)
C:\Users\GGPC\source\repos\CGRA350_project\CGRA350T12019_Framework\work\src\wind_model.hpp(58,13): warning C4305: 'initializing': truncation from 'double' to 'float' (compiling source file C:\Users\GGPC\source\repos\CGRA350_project\CGRA350T12019_Framework\work\src\main.cpp)
C:\Users\GGPC\source\repos\CGRA350_project\CGRA350T12019_Framework\work\src\wind_model.hpp(59,15): warning C4305: 'initializing': truncation from 'double' to 'float' (compiling source file C:\Users\GGPC\source\repos\CGRA350_project\CGRA350T12019_Framework\work\src\main.cpp)
C:\Users\GGPC\source\repos\CGRA350_project\CGRA350T12019_Framework\work\src\wind_model.hpp(84,19): warning C4305: 'initializing': truncation from 'double' to 'float' (compiling source file C:\Users\GGPC\source\repos\CGRA350_project\CGRA350T12019_Framework\work\src\main.cpp)
C:\Users\GGPC\source\repos\CGRA350_project\CGRA350T12019_Framework\work\src\application.hpp(22,17): warning C4305: 'argument': truncation from 'double' to 'T'
          with
          [
              T=float
          ] (compiling source file C:\Users\GGPC\source\repos\CGRA350_project\CGRA350T12019_Framework\work\src\main.cpp)
C:\Users\GGPC\source\repos\CGRA350_project\CGRA350T12019_Framework\work\src\application.hpp(33,17): warning C4305: 'argument': truncation from 'double' to 'T'
          with
          [
              T=float
          ] (compiling source file C:\Users\GGPC\source\repos\CGRA350_project\CGRA350T12019_Framework\work\src\main.cpp)
C:\Users\GGPC\source\repos\CGRA350_project\CGRA350T12019_Framework\work\src\application.hpp(53,16): warning C4305: 'initializing': truncation from 'double' to 'float' (compiling source file C:\Users\GGPC\source\repos\CGRA350_project\CGRA350T12019_Framework\work\src\main.cpp)
C:\Users\GGPC\source\repos\CGRA350_project\CGRA350T12019_Framework\work\src\application.hpp(54,14): warning C4305: 'initializing': truncation from 'double' to 'float' (compiling source file C:\Users\GGPC\source\repos\CGRA350_project\CGRA350T12019_Framework\work\src\main.cpp)
C:\Users\GGPC\source\repos\CGRA350_project\CGRA350T12019_Framework\work\ext\glm\detail\type_vec4.hpp(45,28): warning C4201: nonstandard extension used: nameless struct/union (compiling source file C:\Users\GGPC\source\repos\CGRA350_project\CGRA350T12019_Framework\work\src\application.cpp)
C:\Users\GGPC\source\repos\CGRA350_project\CGRA350T12019_Framework\work\ext\glm\detail\type_vec4.hpp(271): message : see reference to class template instantiation 'glm::vec<4,T,P>' being compiled (compiling source file C:\Users\GGPC\source\repos\CGRA350_project\CGRA350T12019_Framework\work\src\application.cpp)
C:\Users\GGPC\source\repos\CGRA350_project\CGRA350T12019_Framework\work\ext\glm\detail\type_vec4.hpp(46,29): warning C4201: nonstandard extension used: nameless struct/union (compiling source file C:\Users\GGPC\source\repos\CGRA350_project\CGRA350T12019_Framework\work\src\application.cpp)
C:\Users\GGPC\source\repos\CGRA350_project\CGRA350T12019_Framework\work\ext\glm\detail\type_vec4.hpp(47,29): warning C4201: nonstandard extension used: nameless struct/union (compiling source file C:\Users\GGPC\source\repos\CGRA350_project\CGRA350T12019_Framework\work\src\application.cpp)
C:\Users\GGPC\source\repos\CGRA350_project\CGRA350T12019_Framework\work\ext\glm\detail/type_vec2.hpp(45,22): warning C4201: nonstandard extension used: nameless struct/union (compiling source file C:\Users\GGPC\source\repos\CGRA350_project\CGRA350T12019_Framework\work\src\application.cpp)
C:\Users\GGPC\source\repos\CGRA350_project\CGRA350T12019_Framework\work\ext\glm\detail/type_vec2.hpp(205): message : see reference to class template instantiation 'glm::vec<2,T,P>' being compiled (compiling source file C:\Users\GGPC\source\repos\CGRA350_project\CGRA350T12019_Framework\work\src\application.cpp)
C:\Users\GGPC\source\repos\CGRA350_project\CGRA350T12019_Framework\work\ext\glm\detail/type_vec2.hpp(46,22): warning C4201: nonstandard extension used: nameless struct/union (compiling source file C:\Users\GGPC\source\repos\CGRA350_project\CGRA350T12019_Framework\work\src\application.cpp)
C:\Users\GGPC\source\repos\CGRA350_project\CGRA350T12019_Framework\work\ext\glm\detail/type_vec2.hpp(47,22): warning C4201: nonstandard extension used: nameless struct/union (compiling source file C:\Users\GGPC\source\repos\CGRA350_project\CGRA350T12019_Framework\work\src\application.cpp)
C:\Users\GGPC\source\repos\CGRA350_project\CGRA350T12019_Framework\work\ext\glm\detail/type_vec3.hpp(45,25): warning C4201: nonstandard extension used: nameless struct/union (compiling source file C:\Users\GGPC\source\repos\CGRA350_project\CGRA350T12019_Framework\work\src\application.cpp)
C:\Users\GGPC\source\repos\CGRA350_project\CGRA350T12019_Framework\work\ext\glm\detail/type_vec3.hpp(226): message : see reference to class template instantiation 'glm::vec<3,T,P>' being compiled (compiling source file C:\Users\GGPC\source\repos\CGRA350_project\CGRA350T12019_Framework\work\src\application.cpp)
C:\Users\GGPC\source\repos\CGRA350_project\CGRA350T12019_Framework\work\ext\glm\detail/type_vec3.hpp(46,25): warning C4201: nonstandard extension used: nameless struct/union (compiling source file C:\Users\GGPC\source\repos\CGRA350_project\CGRA350T12019_Framework\work\src\application.cpp)
C:\Users\GGPC\source\repos\CGRA350_project\CGRA350T12019_Framework\work\ext\glm\detail/type_vec3.hpp(47,25): warning C4201: nonstandard extension used: nameless struct/union (compiling source file C:\Users\GGPC\source\repos\CGRA350_project\CGRA350T12019_Framework\work\src\application.cpp)
C:\Users\GGPC\source\repos\CGRA350_project\CGRA350T12019_Framework\work\ext\glm\detail\func_vector_relational.inl(61): warning C4701: potentially uninitialized local variable 'Result' used
C:\Users\GGPC\source\repos\CGRA350_project\CGRA350T12019_Framework\work\ext\glm\gtc\../gtc/quaternion.hpp(55,28): warning C4201: nonstandard extension used: nameless struct/union (compiling source file C:\Users\GGPC\source\repos\CGRA350_project\CGRA350T12019_Framework\work\src\application.cpp)
C:\Users\GGPC\source\repos\CGRA350_project\CGRA350T12019_Framework\work\ext\glm\gtc\../gtc/quaternion.hpp(130): message : see reference to class template instantiation 'glm::tquat<T,P>' being compiled (compiling source file C:\Users\GGPC\source\repos\CGRA350_project\CGRA350T12019_Framework\work\src\application.cpp)
C:\Users\GGPC\source\repos\CGRA350_project\CGRA350T12019_Framework\work\src\wind_model.hpp(57,13): warning C4305: 'initializing': truncation from 'double' to 'float' (compiling source file C:\Users\GGPC\source\repos\CGRA350_project\CGRA350T12019_Framework\work\src\application.cpp)
C:\Users\GGPC\source\repos\CGRA350_project\CGRA350T12019_Framework\work\src\wind_model.hpp(58,13): warning C4305: 'initializing': truncation from 'double' to 'float' (compiling source file C:\Users\GGPC\source\repos\CGRA350_project\CGRA350T12019_Framework\work\src\application.cpp)
C:\Users\GGPC\source\repos\CGRA350_project\CGRA350T12019_Framework\work\src\wind_model.hpp(59,15): warning C4305: 'initializing': truncation from 'double' to 'float' (compiling source file C:\Users\GGPC\source\repos\CGRA350_project\CGRA350T12019_Framework\work\src\application.cpp)
C:\Users\GGPC\source\repos\CGRA350_project\CGRA350T12019_Framework\work\src\wind_model.hpp(84,19): warning C4305: 'initializing': truncation from 'double' to 'float' (compiling source file C:\Users\GGPC\source\repos\CGRA350_project\CGRA350T12019_Framework\work\src\application.cpp)
C:\Users\GGPC\source\repos\CGRA350_project\CGRA350T12019_Framework\work\src\application.hpp(22,17): warning C4305: 'argument': truncation from 'double' to 'T'
          with
          [
              T=float
          ] (compiling source file C:\Users\GGPC\source\repos\CGRA350_project\CGRA350T12019_Framework\work\src\application.cpp)
C:\Users\GGPC\source\repos\CGRA350_project\CGRA350T12019_Framework\work\src\application.hpp(33,17): warning C4305: 'argument': truncation from 'double' to 'T'
          with
          [
              T=float
          ] (compiling source file C:\Users\GGPC\source\repos\CGRA350_project\CGRA350T12019_Framework\work\src\application.cpp)
C:\Users\GGPC\source\repos\CGRA350_project\CGRA350T12019_Framework\work\src\application.hpp(53,16): warning C4305: 'initializing': truncation from 'double' to 'float' (compiling source file C:\Users\GGPC\source\repos\CGRA350_project\CGRA350T12019_Framework\work\src\application.cpp)
C:\Users\GGPC\source\repos\CGRA350_project\CGRA350T12019_Framework\work\src\application.hpp(54,14): warning C4305: 'initializing': truncation from 'double' to 'float' (compiling source file C:\Users\GGPC\source\repos\CGRA350_project\CGRA350T12019_Framework\work\src\application.cpp)
C:\Users\GGPC\source\repos\CGRA350_project\CGRA350T12019_Framework\work\src\application.cpp(76,34): warning C4244: '=': conversion from 'double' to 'float', possible loss of data
C:\Users\GGPC\source\repos\CGRA350_project\CGRA350T12019_Framework\work\src\application.cpp(161,51): warning C4100: 'grass_blade': unreferenced formal parameter
C:\Users\GGPC\source\repos\CGRA350_project\CGRA350T12019_Framework\work\src\application.cpp(204,69): warning C4305: 'argument': truncation from 'double' to 'float'
C:\Users\GGPC\source\repos\CGRA350_project\CGRA350T12019_Framework\work\src\application.cpp(246,35): warning C4244: '*=': conversion from 'double' to 'float', possible loss of data
  base.vcxproj -> C:\Users\GGPC\source\repos\CGRA350_project\CGRA350T12019_Framework\build\bin\Debug\base.exe
